<?xml version="1.0" encoding="UTF-8"?>
<!-- Generated by org.testng.reporters.JUnitXMLReporter -->
<testsuite hostname="Xuhangs-MBP.cable.rcn.com" ignored="0" name="Test" tests="5" failures="1" timestamp="2020-01-05T11:59:01 EST" time="45.059" errors="0">
  <testcase name="reg_user_positive" time="3.649" classname="example.scenario1"/>
  <testcase name="reg_user_negative" time="1.481" classname="example.scenario1">
    <failure type="java.lang.AssertionError" message="expected:&amp;lt;INVALID-EMAIL-FORMAT&amp;gt; but was:&amp;lt;rashika.moza@gmail.com&amp;gt;">
      <![CDATA[java.lang.AssertionError: expected:<INVALID-EMAIL-FORMAT> but was:<rashika.moza@gmail.com>
at example.scenario1.reg_user_negative(scenario1.java:140)
at java.util.ArrayList.forEach(ArrayList.java:1257)
... Removed 29 stack frames]]>
    </failure>
  </testcase> <!-- reg_user_negative -->
  <testcase name="addFirstItem" time="17.271" classname="example.scenario3"/>
  <testcase name="addSecondItem" time="7.764" classname="example.scenario3"/>
  <testcase name="sign_in_positive" time="4.524" classname="example.scenario2"/>
</testsuite> <!-- Test -->
